<?xml version="1.0" encoding="UTF-8"?>
<testng-results skipped="0" failed="0" ignored="0" total="1" passed="1">
  <reporter-output>
  </reporter-output>
  <suite name="Surefire suite" duration-ms="23888" started-at="2020-06-25T00:47:36 IST" finished-at="2020-06-25T00:47:59 IST">
    <groups>
    </groups>
    <test name="Surefire test" duration-ms="23888" started-at="2020-06-25T00:47:36 IST" finished-at="2020-06-25T00:47:59 IST">
      <class name="apiTesting.JiraAPIFramework.AppTest">
        <test-method status="PASS" signature="shouldAnswerWithTrue()" name="shouldAnswerWithTrue" duration-ms="14" started-at="2020-06-25T00:47:36 IST" finished-at="2020-06-25T00:47:36 IST">
          <reporter-output>
          </reporter-output>
        </test-method> <!-- shouldAnswerWithTrue -->
      </class> <!-- apiTesting.JiraAPIFramework.AppTest -->
    </test> <!-- Surefire test -->
  </suite> <!-- Surefire suite -->
</testng-results>
